127.0.0.1 - - [14/Jan/2017:15:44:38 +0800] "GET / HTTP/1.1" 302 198 "-" "Mozilla/5.0 (X11; Linux x86_64; rv:45.0) Gecko/20100101 Firefox/45.0"
127.0.0.1 - - [14/Jan/2017:15:44:38 +0800] "GET /doc HTTP/1.1" 301 223 "-" "Mozilla/5.0 (X11; Linux x86_64; rv:45.0) Gecko/20100101 Firefox/45.0"
localhost - - [14/Jan/2017:15:44:38 +0800] "GET /doc/ HTTP/1.1" 200 29159 "-" "Mozilla/5.0 (X11; Linux x86_64; rv:45.0) Gecko/20100101 Firefox/45.0"
localhost - - [14/Jan/2017:15:44:38 +0800] "GET /icons/text.gif HTTP/1.1" 200 229 "http://vim/doc/" "Mozilla/5.0 (X11; Linux x86_64; rv:45.0) Gecko/20100101 Firefox/45.0"
localhost - - [14/Jan/2017:15:44:38 +0800] "GET /icons/unknown.gif HTTP/1.1" 200 245 "http://vim/doc/" "Mozilla/5.0 (X11; Linux x86_64; rv:45.0) Gecko/20100101 Firefox/45.0"
localhost - - [14/Jan/2017:15:44:38 +0800] "GET /icons/back.gif HTTP/1.1" 200 216 "http://vim/doc/" "Mozilla/5.0 (X11; Linux x86_64; rv:45.0) Gecko/20100101 Firefox/45.0"
localhost - - [14/Jan/2017:15:44:38 +0800] "GET /icons/blank.gif HTTP/1.1" 200 148 "http://vim/doc/" "Mozilla/5.0 (X11; Linux x86_64; rv:45.0) Gecko/20100101 Firefox/45.0"
localhost - - [14/Jan/2017:15:44:38 +0800] "GET /icons/layout.gif HTTP/1.1" 200 276 "http://vim/doc/" "Mozilla/5.0 (X11; Linux x86_64; rv:45.0) Gecko/20100101 Firefox/45.0"
localhost - - [14/Jan/2017:15:45:00 +0800] "GET /doc/map.cnx.html HTTP/1.1" 200 86793 "http://vim/doc/" "Mozilla/5.0 (X11; Linux x86_64; rv:45.0) Gecko/20100101 Firefox/45.0"
localhost - - [14/Jan/2017:15:57:57 +0800] "GET /doc/ HTTP/1.1" 200 29159 "-" "Mozilla/5.0 (X11; Linux x86_64; rv:45.0) Gecko/20100101 Firefox/45.0"
localhost - - [14/Jan/2017:15:57:57 +0800] "GET /icons/blank.gif HTTP/1.1" 304 - "http://vim/doc/" "Mozilla/5.0 (X11; Linux x86_64; rv:45.0) Gecko/20100101 Firefox/45.0"
localhost - - [14/Jan/2017:15:57:57 +0800] "GET /icons/back.gif HTTP/1.1" 304 - "http://vim/doc/" "Mozilla/5.0 (X11; Linux x86_64; rv:45.0) Gecko/20100101 Firefox/45.0"
localhost - - [14/Jan/2017:15:57:57 +0800] "GET /icons/unknown.gif HTTP/1.1" 304 - "http://vim/doc/" "Mozilla/5.0 (X11; Linux x86_64; rv:45.0) Gecko/20100101 Firefox/45.0"
localhost - - [14/Jan/2017:15:57:57 +0800] "GET /icons/layout.gif HTTP/1.1" 304 - "http://vim/doc/" "Mozilla/5.0 (X11; Linux x86_64; rv:45.0) Gecko/20100101 Firefox/45.0"
localhost - - [14/Jan/2017:15:57:57 +0800] "GET /icons/text.gif HTTP/1.1" 304 - "http://vim/doc/" "Mozilla/5.0 (X11; Linux x86_64; rv:45.0) Gecko/20100101 Firefox/45.0"
localhost - - [14/Jan/2017:15:57:58 +0800] "GET /doc/ HTTP/1.1" 200 29159 "-" "Mozilla/5.0 (X11; Linux x86_64; rv:45.0) Gecko/20100101 Firefox/45.0"
localhost - - [14/Jan/2017:15:57:58 +0800] "GET /icons/blank.gif HTTP/1.1" 304 - "http://vim/doc/" "Mozilla/5.0 (X11; Linux x86_64; rv:45.0) Gecko/20100101 Firefox/45.0"
localhost - - [14/Jan/2017:15:57:58 +0800] "GET /icons/back.gif HTTP/1.1" 304 - "http://vim/doc/" "Mozilla/5.0 (X11; Linux x86_64; rv:45.0) Gecko/20100101 Firefox/45.0"
localhost - - [14/Jan/2017:15:57:58 +0800] "GET /icons/unknown.gif HTTP/1.1" 304 - "http://vim/doc/" "Mozilla/5.0 (X11; Linux x86_64; rv:45.0) Gecko/20100101 Firefox/45.0"
localhost - - [14/Jan/2017:15:57:58 +0800] "GET /icons/layout.gif HTTP/1.1" 304 - "http://vim/doc/" "Mozilla/5.0 (X11; Linux x86_64; rv:45.0) Gecko/20100101 Firefox/45.0"
localhost - - [14/Jan/2017:15:57:58 +0800] "GET /icons/text.gif HTTP/1.1" 304 - "http://vim/doc/" "Mozilla/5.0 (X11; Linux x86_64; rv:45.0) Gecko/20100101 Firefox/45.0"
localhost - - [14/Jan/2017:15:58:00 +0800] "GET /doc/map.cnx HTTP/1.1" 200 55027 "http://vim/doc/" "Mozilla/5.0 (X11; Linux x86_64; rv:45.0) Gecko/20100101 Firefox/45.0"
localhost - - [14/Jan/2017:15:58:03 +0800] "GET /doc/index.cnx HTTP/1.1" 200 72187 "http://vim/doc/" "Mozilla/5.0 (X11; Linux x86_64; rv:45.0) Gecko/20100101 Firefox/45.0"
localhost - - [14/Jan/2017:15:59:37 +0800] "GET /doc/os_amiga.cnx HTTP/1.1" 200 5165 "http://vim/doc/" "Mozilla/5.0 (X11; Linux x86_64; rv:45.0) Gecko/20100101 Firefox/45.0"
127.0.0.1 - - [14/Jan/2017:16:14:57 +0800] "GET / HTTP/1.1" 302 198 "-" "Mozilla/5.0 (X11; Linux x86_64; rv:45.0) Gecko/20100101 Firefox/45.0"
localhost - - [14/Jan/2017:16:14:58 +0800] "GET /doc/ HTTP/1.1" 200 29159 "-" "Mozilla/5.0 (X11; Linux x86_64; rv:45.0) Gecko/20100101 Firefox/45.0"
localhost - - [14/Jan/2017:16:15:00 +0800] "GET /doc/arabic.cnx HTTP/1.1" 200 11013 "http://vim/doc/" "Mozilla/5.0 (X11; Linux x86_64; rv:45.0) Gecko/20100101 Firefox/45.0"
localhost - - [14/Jan/2017:16:16:17 +0800] "GET /doc/ HTTP/1.1" 200 29159 "-" "Mozilla/5.0 (X11; Linux x86_64; rv:45.0) Gecko/20100101 Firefox/45.0"
localhost - - [14/Jan/2017:16:16:17 +0800] "GET /icons/blank.gif HTTP/1.1" 304 - "http://vim/doc/" "Mozilla/5.0 (X11; Linux x86_64; rv:45.0) Gecko/20100101 Firefox/45.0"
localhost - - [14/Jan/2017:16:16:17 +0800] "GET /icons/back.gif HTTP/1.1" 304 - "http://vim/doc/" "Mozilla/5.0 (X11; Linux x86_64; rv:45.0) Gecko/20100101 Firefox/45.0"
localhost - - [14/Jan/2017:16:16:17 +0800] "GET /icons/unknown.gif HTTP/1.1" 304 - "http://vim/doc/" "Mozilla/5.0 (X11; Linux x86_64; rv:45.0) Gecko/20100101 Firefox/45.0"
localhost - - [14/Jan/2017:16:16:17 +0800] "GET /icons/layout.gif HTTP/1.1" 304 - "http://vim/doc/" "Mozilla/5.0 (X11; Linux x86_64; rv:45.0) Gecko/20100101 Firefox/45.0"
localhost - - [14/Jan/2017:16:16:17 +0800] "GET /icons/text.gif HTTP/1.1" 304 - "http://vim/doc/" "Mozilla/5.0 (X11; Linux x86_64; rv:45.0) Gecko/20100101 Firefox/45.0"
localhost - - [14/Jan/2017:16:16:19 +0800] "GET /doc/ HTTP/1.1" 200 29159 "-" "Mozilla/5.0 (X11; Linux x86_64; rv:45.0) Gecko/20100101 Firefox/45.0"
localhost - - [14/Jan/2017:16:16:19 +0800] "GET /icons/blank.gif HTTP/1.1" 304 - "http://vim/doc/" "Mozilla/5.0 (X11; Linux x86_64; rv:45.0) Gecko/20100101 Firefox/45.0"
localhost - - [14/Jan/2017:16:16:19 +0800] "GET /icons/back.gif HTTP/1.1" 304 - "http://vim/doc/" "Mozilla/5.0 (X11; Linux x86_64; rv:45.0) Gecko/20100101 Firefox/45.0"
localhost - - [14/Jan/2017:16:16:19 +0800] "GET /icons/unknown.gif HTTP/1.1" 304 - "http://vim/doc/" "Mozilla/5.0 (X11; Linux x86_64; rv:45.0) Gecko/20100101 Firefox/45.0"
localhost - - [14/Jan/2017:16:16:19 +0800] "GET /icons/layout.gif HTTP/1.1" 304 - "http://vim/doc/" "Mozilla/5.0 (X11; Linux x86_64; rv:45.0) Gecko/20100101 Firefox/45.0"
localhost - - [14/Jan/2017:16:16:19 +0800] "GET /icons/text.gif HTTP/1.1" 304 - "http://vim/doc/" "Mozilla/5.0 (X11; Linux x86_64; rv:45.0) Gecko/20100101 Firefox/45.0"
localhost - - [14/Jan/2017:16:16:21 +0800] "GET /doc/cmdline.cnx HTTP/1.1" 200 43156 "http://vim/doc/" "Mozilla/5.0 (X11; Linux x86_64; rv:45.0) Gecko/20100101 Firefox/45.0"
localhost - - [14/Jan/2017:16:17:26 +0800] "GET /doc/ HTTP/1.1" 200 29159 "-" "Mozilla/5.0 (X11; Linux x86_64; rv:45.0) Gecko/20100101 Firefox/45.0"
localhost - - [14/Jan/2017:16:17:26 +0800] "GET /icons/blank.gif HTTP/1.1" 304 - "http://vim/doc/" "Mozilla/5.0 (X11; Linux x86_64; rv:45.0) Gecko/20100101 Firefox/45.0"
localhost - - [14/Jan/2017:16:17:26 +0800] "GET /icons/back.gif HTTP/1.1" 304 - "http://vim/doc/" "Mozilla/5.0 (X11; Linux x86_64; rv:45.0) Gecko/20100101 Firefox/45.0"
localhost - - [14/Jan/2017:16:17:26 +0800] "GET /icons/unknown.gif HTTP/1.1" 304 - "http://vim/doc/" "Mozilla/5.0 (X11; Linux x86_64; rv:45.0) Gecko/20100101 Firefox/45.0"
localhost - - [14/Jan/2017:16:17:26 +0800] "GET /icons/layout.gif HTTP/1.1" 304 - "http://vim/doc/" "Mozilla/5.0 (X11; Linux x86_64; rv:45.0) Gecko/20100101 Firefox/45.0"
localhost - - [14/Jan/2017:16:17:26 +0800] "GET /icons/text.gif HTTP/1.1" 304 - "http://vim/doc/" "Mozilla/5.0 (X11; Linux x86_64; rv:45.0) Gecko/20100101 Firefox/45.0"
localhost - - [14/Jan/2017:16:17:47 +0800] "GET /doc/ HTTP/1.1" 200 29159 "-" "Mozilla/5.0 (X11; Linux x86_64; rv:45.0) Gecko/20100101 Firefox/45.0"
localhost - - [14/Jan/2017:16:17:47 +0800] "GET /icons/blank.gif HTTP/1.1" 304 - "http://vim/doc/" "Mozilla/5.0 (X11; Linux x86_64; rv:45.0) Gecko/20100101 Firefox/45.0"
localhost - - [14/Jan/2017:16:17:47 +0800] "GET /icons/back.gif HTTP/1.1" 304 - "http://vim/doc/" "Mozilla/5.0 (X11; Linux x86_64; rv:45.0) Gecko/20100101 Firefox/45.0"
localhost - - [14/Jan/2017:16:17:47 +0800] "GET /icons/unknown.gif HTTP/1.1" 304 - "http://vim/doc/" "Mozilla/5.0 (X11; Linux x86_64; rv:45.0) Gecko/20100101 Firefox/45.0"
localhost - - [14/Jan/2017:16:17:47 +0800] "GET /icons/layout.gif HTTP/1.1" 304 - "http://vim/doc/" "Mozilla/5.0 (X11; Linux x86_64; rv:45.0) Gecko/20100101 Firefox/45.0"
localhost - - [14/Jan/2017:16:17:47 +0800] "GET /icons/text.gif HTTP/1.1" 304 - "http://vim/doc/" "Mozilla/5.0 (X11; Linux x86_64; rv:45.0) Gecko/20100101 Firefox/45.0"
localhost - - [14/Jan/2017:16:17:49 +0800] "GET /doc/autocmd.cnx HTTP/1.1" 200 49573 "http://vim/doc/" "Mozilla/5.0 (X11; Linux x86_64; rv:45.0) Gecko/20100101 Firefox/45.0"
127.0.0.1 - - [14/Jan/2017:16:19:21 +0800] "GET / HTTP/1.1" 302 198 "-" "Mozilla/5.0 (X11; Linux x86_64; rv:45.0) Gecko/20100101 Firefox/45.0"
localhost - - [14/Jan/2017:16:19:21 +0800] "GET /doc/ HTTP/1.1" 200 29159 "-" "Mozilla/5.0 (X11; Linux x86_64; rv:45.0) Gecko/20100101 Firefox/45.0"
127.0.0.1 - - [14/Jan/2017:16:19:27 +0800] "GET / HTTP/1.1" 302 198 "-" "Mozilla/5.0 (X11; Linux x86_64; rv:45.0) Gecko/20100101 Firefox/45.0"
localhost - - [14/Jan/2017:16:19:27 +0800] "GET /doc/ HTTP/1.1" 200 29159 "-" "Mozilla/5.0 (X11; Linux x86_64; rv:45.0) Gecko/20100101 Firefox/45.0"
localhost - - [14/Jan/2017:16:22:30 +0800] "GET /doc/ HTTP/1.1" 200 29159 "-" "Mozilla/5.0 (X11; Linux x86_64; rv:45.0) Gecko/20100101 Firefox/45.0"
localhost - - [14/Jan/2017:16:23:13 +0800] "GET /doc/ HTTP/1.1" 200 669 "-" "Mozilla/5.0 (X11; Linux x86_64; rv:45.0) Gecko/20100101 Firefox/45.0"
localhost - - [14/Jan/2017:16:23:14 +0800] "GET /icons/blank.gif HTTP/1.1" 304 - "http://vim/doc/" "Mozilla/5.0 (X11; Linux x86_64; rv:45.0) Gecko/20100101 Firefox/45.0"
localhost - - [14/Jan/2017:16:23:14 +0800] "GET /icons/back.gif HTTP/1.1" 304 - "http://vim/doc/" "Mozilla/5.0 (X11; Linux x86_64; rv:45.0) Gecko/20100101 Firefox/45.0"
localhost - - [14/Jan/2017:16:24:17 +0800] "GET /doc/ HTTP/1.1" 200 884 "-" "Mozilla/5.0 (X11; Linux x86_64; rv:45.0) Gecko/20100101 Firefox/45.0"
localhost - - [14/Jan/2017:16:24:17 +0800] "GET /icons/blank.gif HTTP/1.1" 304 - "http://vim/doc/" "Mozilla/5.0 (X11; Linux x86_64; rv:45.0) Gecko/20100101 Firefox/45.0"
localhost - - [14/Jan/2017:16:24:17 +0800] "GET /icons/back.gif HTTP/1.1" 304 - "http://vim/doc/" "Mozilla/5.0 (X11; Linux x86_64; rv:45.0) Gecko/20100101 Firefox/45.0"
localhost - - [14/Jan/2017:16:24:17 +0800] "GET /icons/layout.gif HTTP/1.1" 304 - "http://vim/doc/" "Mozilla/5.0 (X11; Linux x86_64; rv:45.0) Gecko/20100101 Firefox/45.0"
localhost - - [14/Jan/2017:16:24:19 +0800] "GET /doc/map.cnx.html HTTP/1.1" 200 86793 "http://vim/doc/" "Mozilla/5.0 (X11; Linux x86_64; rv:45.0) Gecko/20100101 Firefox/45.0"
localhost - - [14/Jan/2017:16:29:44 +0800] "GET /doc/map.cnx.html HTTP/1.1" 200 86793 "http://vim/doc/" "Mozilla/5.0 (X11; Linux x86_64; rv:45.0) Gecko/20100101 Firefox/45.0"
localhost - - [14/Jan/2017:16:29:46 +0800] "GET /doc/map.cnx.html HTTP/1.1" 200 86793 "http://vim/doc/" "Mozilla/5.0 (X11; Linux x86_64; rv:45.0) Gecko/20100101 Firefox/45.0"
localhost - - [14/Jan/2017:16:31:33 +0800] "GET /doc/ HTTP/1.1" 200 884 "-" "Mozilla/5.0 (X11; Linux x86_64; rv:45.0) Gecko/20100101 Firefox/45.0"
localhost - - [14/Jan/2017:16:33:49 +0800] "GET /doc/ HTTP/1.1" 200 29159 "-" "Mozilla/5.0 (X11; Linux x86_64; rv:45.0) Gecko/20100101 Firefox/45.0"
127.0.0.1 - - [14/Jan/2017:16:34:08 +0800] "GET / HTTP/1.1" 302 203 "-" "Mozilla/5.0 (X11; Linux x86_64; rv:45.0) Gecko/20100101 Firefox/45.0"
127.0.0.1 - - [14/Jan/2017:16:34:08 +0800] "GET /doc-html HTTP/1.1" 403 210 "-" "Mozilla/5.0 (X11; Linux x86_64; rv:45.0) Gecko/20100101 Firefox/45.0"
127.0.0.1 - - [14/Jan/2017:16:34:42 +0800] "GET /doc-html HTTP/1.1" 403 210 "-" "Mozilla/5.0 (X11; Linux x86_64; rv:45.0) Gecko/20100101 Firefox/45.0"
127.0.0.1 - - [14/Jan/2017:16:34:43 +0800] "GET /doc-html HTTP/1.1" 403 210 "-" "Mozilla/5.0 (X11; Linux x86_64; rv:45.0) Gecko/20100101 Firefox/45.0"
127.0.0.1 - - [14/Jan/2017:16:34:44 +0800] "GET /doc-html HTTP/1.1" 403 210 "-" "Mozilla/5.0 (X11; Linux x86_64; rv:45.0) Gecko/20100101 Firefox/45.0"
127.0.0.1 - - [14/Jan/2017:16:35:08 +0800] "GET /doc-html HTTP/1.1" 403 210 "-" "Mozilla/5.0 (X11; Linux x86_64; rv:45.0) Gecko/20100101 Firefox/45.0"
127.0.0.1 - - [14/Jan/2017:16:35:17 +0800] "GET /doc-html HTTP/1.1" 403 210 "-" "Mozilla/5.0 (X11; Linux x86_64; rv:45.0) Gecko/20100101 Firefox/45.0"
127.0.0.1 - - [14/Jan/2017:16:35:18 +0800] "GET /doc-html HTTP/1.1" 403 210 "-" "Mozilla/5.0 (X11; Linux x86_64; rv:45.0) Gecko/20100101 Firefox/45.0"
127.0.0.1 - - [14/Jan/2017:16:35:19 +0800] "GET /doc-html HTTP/1.1" 403 210 "-" "Mozilla/5.0 (X11; Linux x86_64; rv:45.0) Gecko/20100101 Firefox/45.0"
127.0.0.1 - - [14/Jan/2017:16:36:28 +0800] "GET /doc-html HTTP/1.1" 403 210 "-" "Mozilla/5.0 (X11; Linux x86_64; rv:45.0) Gecko/20100101 Firefox/45.0"
127.0.0.1 - - [14/Jan/2017:16:36:29 +0800] "GET /doc-html HTTP/1.1" 403 210 "-" "Mozilla/5.0 (X11; Linux x86_64; rv:45.0) Gecko/20100101 Firefox/45.0"
localhost - - [14/Jan/2017:16:37:37 +0800] "GET /doc/ HTTP/1.1" 200 29159 "-" "Mozilla/5.0 (X11; Linux x86_64; rv:45.0) Gecko/20100101 Firefox/45.0"
localhost - - [14/Jan/2017:16:38:11 +0800] "GET /doc/ HTTP/1.1" 200 29159 "-" "Mozilla/5.0 (X11; Linux x86_64; rv:45.0) Gecko/20100101 Firefox/45.0"
localhost - - [14/Jan/2017:16:38:11 +0800] "GET /icons/blank.gif HTTP/1.1" 304 - "http://vim/doc/" "Mozilla/5.0 (X11; Linux x86_64; rv:45.0) Gecko/20100101 Firefox/45.0"
localhost - - [14/Jan/2017:16:38:11 +0800] "GET /icons/back.gif HTTP/1.1" 304 - "http://vim/doc/" "Mozilla/5.0 (X11; Linux x86_64; rv:45.0) Gecko/20100101 Firefox/45.0"
localhost - - [14/Jan/2017:16:38:11 +0800] "GET /icons/unknown.gif HTTP/1.1" 304 - "http://vim/doc/" "Mozilla/5.0 (X11; Linux x86_64; rv:45.0) Gecko/20100101 Firefox/45.0"
localhost - - [14/Jan/2017:16:38:11 +0800] "GET /icons/layout.gif HTTP/1.1" 304 - "http://vim/doc/" "Mozilla/5.0 (X11; Linux x86_64; rv:45.0) Gecko/20100101 Firefox/45.0"
localhost - - [14/Jan/2017:16:38:11 +0800] "GET /icons/text.gif HTTP/1.1" 304 - "http://vim/doc/" "Mozilla/5.0 (X11; Linux x86_64; rv:45.0) Gecko/20100101 Firefox/45.0"
localhost - - [14/Jan/2017:16:38:12 +0800] "GET /doc/ HTTP/1.1" 200 29159 "-" "Mozilla/5.0 (X11; Linux x86_64; rv:45.0) Gecko/20100101 Firefox/45.0"
localhost - - [14/Jan/2017:16:38:12 +0800] "GET /icons/blank.gif HTTP/1.1" 304 - "http://vim/doc/" "Mozilla/5.0 (X11; Linux x86_64; rv:45.0) Gecko/20100101 Firefox/45.0"
localhost - - [14/Jan/2017:16:38:12 +0800] "GET /icons/back.gif HTTP/1.1" 304 - "http://vim/doc/" "Mozilla/5.0 (X11; Linux x86_64; rv:45.0) Gecko/20100101 Firefox/45.0"
localhost - - [14/Jan/2017:16:38:12 +0800] "GET /icons/unknown.gif HTTP/1.1" 304 - "http://vim/doc/" "Mozilla/5.0 (X11; Linux x86_64; rv:45.0) Gecko/20100101 Firefox/45.0"
localhost - - [14/Jan/2017:16:38:12 +0800] "GET /icons/layout.gif HTTP/1.1" 304 - "http://vim/doc/" "Mozilla/5.0 (X11; Linux x86_64; rv:45.0) Gecko/20100101 Firefox/45.0"
localhost - - [14/Jan/2017:16:38:12 +0800] "GET /icons/text.gif HTTP/1.1" 304 - "http://vim/doc/" "Mozilla/5.0 (X11; Linux x86_64; rv:45.0) Gecko/20100101 Firefox/45.0"
localhost - - [14/Jan/2017:16:38:13 +0800] "GET /doc/ HTTP/1.1" 200 29159 "-" "Mozilla/5.0 (X11; Linux x86_64; rv:45.0) Gecko/20100101 Firefox/45.0"
localhost - - [14/Jan/2017:16:38:13 +0800] "GET /icons/blank.gif HTTP/1.1" 304 - "http://vim/doc/" "Mozilla/5.0 (X11; Linux x86_64; rv:45.0) Gecko/20100101 Firefox/45.0"
localhost - - [14/Jan/2017:16:38:13 +0800] "GET /icons/back.gif HTTP/1.1" 304 - "http://vim/doc/" "Mozilla/5.0 (X11; Linux x86_64; rv:45.0) Gecko/20100101 Firefox/45.0"
localhost - - [14/Jan/2017:16:38:13 +0800] "GET /icons/unknown.gif HTTP/1.1" 304 - "http://vim/doc/" "Mozilla/5.0 (X11; Linux x86_64; rv:45.0) Gecko/20100101 Firefox/45.0"
localhost - - [14/Jan/2017:16:38:13 +0800] "GET /icons/layout.gif HTTP/1.1" 304 - "http://vim/doc/" "Mozilla/5.0 (X11; Linux x86_64; rv:45.0) Gecko/20100101 Firefox/45.0"
localhost - - [14/Jan/2017:16:38:13 +0800] "GET /icons/text.gif HTTP/1.1" 304 - "http://vim/doc/" "Mozilla/5.0 (X11; Linux x86_64; rv:45.0) Gecko/20100101 Firefox/45.0"
localhost - - [14/Jan/2017:16:38:18 +0800] "GET /doc-html HTTP/1.1" 403 210 "-" "Mozilla/5.0 (X11; Linux x86_64; rv:45.0) Gecko/20100101 Firefox/45.0"
127.0.0.1 - - [14/Jan/2017:16:38:37 +0800] "GET /doc-html HTTP/1.1" 301 228 "-" "Mozilla/5.0 (X11; Linux x86_64; rv:45.0) Gecko/20100101 Firefox/45.0"
localhost - - [14/Jan/2017:16:38:37 +0800] "GET /doc-html/ HTTP/1.1" 200 894 "-" "Mozilla/5.0 (X11; Linux x86_64; rv:45.0) Gecko/20100101 Firefox/45.0"
localhost - - [14/Jan/2017:16:38:38 +0800] "GET /icons/blank.gif HTTP/1.1" 304 - "http://vim/doc-html/" "Mozilla/5.0 (X11; Linux x86_64; rv:45.0) Gecko/20100101 Firefox/45.0"
localhost - - [14/Jan/2017:16:38:38 +0800] "GET /icons/back.gif HTTP/1.1" 304 - "http://vim/doc-html/" "Mozilla/5.0 (X11; Linux x86_64; rv:45.0) Gecko/20100101 Firefox/45.0"
localhost - - [14/Jan/2017:16:38:38 +0800] "GET /icons/layout.gif HTTP/1.1" 304 - "http://vim/doc-html/" "Mozilla/5.0 (X11; Linux x86_64; rv:45.0) Gecko/20100101 Firefox/45.0"
localhost - - [14/Jan/2017:16:38:40 +0800] "GET /doc-html/map.cnx.html HTTP/1.1" 200 86793 "http://vim/doc-html/" "Mozilla/5.0 (X11; Linux x86_64; rv:45.0) Gecko/20100101 Firefox/45.0"
127.0.0.1 - - [14/Jan/2017:16:39:52 +0800] "GET / HTTP/1.1" 302 203 "-" "Mozilla/5.0 (X11; Linux x86_64; rv:45.0) Gecko/20100101 Firefox/45.0"
localhost - - [14/Jan/2017:16:39:52 +0800] "GET /doc-html/ HTTP/1.1" 200 894 "-" "Mozilla/5.0 (X11; Linux x86_64; rv:45.0) Gecko/20100101 Firefox/45.0"
localhost - - [14/Jan/2017:16:39:57 +0800] "GET /doc/ HTTP/1.1" 200 29159 "-" "Mozilla/5.0 (X11; Linux x86_64; rv:45.0) Gecko/20100101 Firefox/45.0"
127.0.0.1 - - [14/Jan/2017:16:43:35 +0800] "GET / HTTP/1.1" 302 203 "-" "Mozilla/5.0 (X11; Linux x86_64; rv:45.0) Gecko/20100101 Firefox/45.0"
localhost - - [14/Jan/2017:16:43:35 +0800] "GET /doc-html/ HTTP/1.1" 200 894 "-" "Mozilla/5.0 (X11; Linux x86_64; rv:45.0) Gecko/20100101 Firefox/45.0"
127.0.0.1 - - [14/Jan/2017:16:44:16 +0800] "GET / HTTP/1.1" 302 197 "-" "Mozilla/5.0 (X11; Linux x86_64; rv:45.0) Gecko/20100101 Firefox/45.0"
127.0.0.1 - - [14/Jan/2017:16:44:16 +0800] "GET /rc HTTP/1.1" 403 204 "-" "Mozilla/5.0 (X11; Linux x86_64; rv:45.0) Gecko/20100101 Firefox/45.0"
127.0.0.1 - - [14/Jan/2017:16:44:43 +0800] "GET /rc HTTP/1.1" 403 204 "-" "Mozilla/5.0 (X11; Linux x86_64; rv:45.0) Gecko/20100101 Firefox/45.0"
127.0.0.1 - - [14/Jan/2017:16:44:44 +0800] "GET /rc HTTP/1.1" 403 204 "-" "Mozilla/5.0 (X11; Linux x86_64; rv:45.0) Gecko/20100101 Firefox/45.0"
127.0.0.1 - - [14/Jan/2017:16:44:49 +0800] "GET /rc HTTP/1.1" 403 204 "-" "Mozilla/5.0 (X11; Linux x86_64; rv:45.0) Gecko/20100101 Firefox/45.0"
127.0.0.1 - - [14/Jan/2017:16:44:50 +0800] "GET /rc HTTP/1.1" 301 222 "-" "Mozilla/5.0 (X11; Linux x86_64; rv:45.0) Gecko/20100101 Firefox/45.0"
localhost - - [14/Jan/2017:16:44:50 +0800] "GET /rc/ HTTP/1.1" 200 882 "-" "Mozilla/5.0 (X11; Linux x86_64; rv:45.0) Gecko/20100101 Firefox/45.0"
localhost - - [14/Jan/2017:16:44:50 +0800] "GET /icons/blank.gif HTTP/1.1" 304 - "http://vim/rc/" "Mozilla/5.0 (X11; Linux x86_64; rv:45.0) Gecko/20100101 Firefox/45.0"
localhost - - [14/Jan/2017:16:44:50 +0800] "GET /icons/back.gif HTTP/1.1" 304 - "http://vim/rc/" "Mozilla/5.0 (X11; Linux x86_64; rv:45.0) Gecko/20100101 Firefox/45.0"
localhost - - [14/Jan/2017:16:44:50 +0800] "GET /icons/layout.gif HTTP/1.1" 304 - "http://vim/rc/" "Mozilla/5.0 (X11; Linux x86_64; rv:45.0) Gecko/20100101 Firefox/45.0"
127.0.0.1 - - [14/Jan/2017:16:44:56 +0800] "GET /rc-all HTTP/1.1" 301 226 "-" "Mozilla/5.0 (X11; Linux x86_64; rv:45.0) Gecko/20100101 Firefox/45.0"
localhost - - [14/Jan/2017:16:44:56 +0800] "GET /rc-all/ HTTP/1.1" 200 29165 "-" "Mozilla/5.0 (X11; Linux x86_64; rv:45.0) Gecko/20100101 Firefox/45.0"
localhost - - [14/Jan/2017:16:55:52 +0800] "GET /rc-all/map.cnx.html HTTP/1.1" 200 86793 "http://vim/rc-all/" "Mozilla/5.0 (X11; Linux x86_64; rv:45.0) Gecko/20100101 Firefox/45.0"
127.0.0.1 - - [14/Jan/2017:17:50:39 +0800] "GET / HTTP/1.1" 302 197 "-" "Mozilla/5.0 (X11; Linux x86_64; rv:45.0) Gecko/20100101 Firefox/45.0"
localhost - - [14/Jan/2017:17:50:39 +0800] "GET /rc/ HTTP/1.1" 200 29273 "-" "Mozilla/5.0 (X11; Linux x86_64; rv:45.0) Gecko/20100101 Firefox/45.0"
localhost - - [14/Jan/2017:17:51:25 +0800] "GET /rc/syntax.cnx.html HTTP/1.1" 200 230367 "http://vim/rc/" "Mozilla/5.0 (X11; Linux x86_64; rv:45.0) Gecko/20100101 Firefox/45.0"
127.0.0.1 - - [14/Jan/2017:17:51:58 +0800] "GET /cnx HTTP/1.1" 301 223 "-" "Mozilla/5.0 (X11; Linux x86_64; rv:45.0) Gecko/20100101 Firefox/45.0"
localhost - - [14/Jan/2017:17:51:58 +0800] "GET /cnx/ HTTP/1.1" 200 28944 "-" "Mozilla/5.0 (X11; Linux x86_64; rv:45.0) Gecko/20100101 Firefox/45.0"
127.0.0.1 - - [14/Jan/2017:17:52:35 +0800] "GET / HTTP/1.1" 302 197 "-" "Mozilla/5.0 (X11; Linux x86_64; rv:45.0) Gecko/20100101 Firefox/45.0"
localhost - - [14/Jan/2017:17:52:35 +0800] "GET /rc/ HTTP/1.1" 200 29273 "-" "Mozilla/5.0 (X11; Linux x86_64; rv:45.0) Gecko/20100101 Firefox/45.0"
localhost - - [14/Jan/2017:17:52:38 +0800] "GET /rc/autocmd.cnx.html HTTP/1.1" 200 70643 "http://vim/rc/" "Mozilla/5.0 (X11; Linux x86_64; rv:45.0) Gecko/20100101 Firefox/45.0"
127.0.0.1 - - [14/Jan/2017:18:37:55 +0800] "GET / HTTP/1.1" 302 197 "-" "Mozilla/5.0 (X11; Linux x86_64; rv:45.0) Gecko/20100101 Firefox/45.0"
localhost - - [14/Jan/2017:18:37:55 +0800] "GET /rc/ HTTP/1.1" 200 29273 "-" "Mozilla/5.0 (X11; Linux x86_64; rv:45.0) Gecko/20100101 Firefox/45.0"
localhost - - [14/Jan/2017:18:37:59 +0800] "GET /rc/syntax.cnx.html HTTP/1.1" 200 230367 "http://vim/rc/" "Mozilla/5.0 (X11; Linux x86_64; rv:45.0) Gecko/20100101 Firefox/45.0"
localhost - - [15/Jan/2017:20:50:33 +0800] "GET /cgi-bin/hello.pl HTTP/1.1" 200 14 "-" "Mozilla/5.0 (X11; Linux x86_64; rv:45.0) Gecko/20100101 Firefox/45.0"
localhost - - [15/Jan/2017:20:51:03 +0800] "GET /cgi-bin/hello.pl HTTP/1.1" 200 14 "-" "Mozilla/5.0 (X11; Linux x86_64; rv:45.0) Gecko/20100101 Firefox/45.0"
localhost - - [15/Jan/2017:20:51:31 +0800] "GET /cgi-bin/hello.pl HTTP/1.1" 200 14 "-" "Mozilla/5.0 (X11; Linux x86_64; rv:45.0) Gecko/20100101 Firefox/45.0"
localhost - - [15/Jan/2017:21:44:25 +0800] "GET /rc/ HTTP/1.1" 200 29273 "-" "Mozilla/5.0 (X11; Linux x86_64; rv:45.0) Gecko/20100101 Firefox/45.0"
127.0.0.1 - - [15/Jan/2017:21:45:37 +0800] "GET /rc HTTP/1.1" 301 222 "-" "Mozilla/5.0 (X11; Linux x86_64) AppleWebKit/537.36 (KHTML, like Gecko) Chrome/55.0.2883.87 Safari/537.36"
localhost - - [15/Jan/2017:21:45:37 +0800] "GET /rc/ HTTP/1.1" 200 29273 "-" "Mozilla/5.0 (X11; Linux x86_64) AppleWebKit/537.36 (KHTML, like Gecko) Chrome/55.0.2883.87 Safari/537.36"
localhost - - [15/Jan/2017:21:45:37 +0800] "GET /icons/blank.gif HTTP/1.1" 200 148 "http://vim/rc/" "Mozilla/5.0 (X11; Linux x86_64) AppleWebKit/537.36 (KHTML, like Gecko) Chrome/55.0.2883.87 Safari/537.36"
localhost - - [15/Jan/2017:21:45:37 +0800] "GET /icons/back.gif HTTP/1.1" 200 216 "http://vim/rc/" "Mozilla/5.0 (X11; Linux x86_64) AppleWebKit/537.36 (KHTML, like Gecko) Chrome/55.0.2883.87 Safari/537.36"
localhost - - [15/Jan/2017:21:45:37 +0800] "GET /icons/layout.gif HTTP/1.1" 200 276 "http://vim/rc/" "Mozilla/5.0 (X11; Linux x86_64) AppleWebKit/537.36 (KHTML, like Gecko) Chrome/55.0.2883.87 Safari/537.36"
localhost - - [15/Jan/2017:21:45:37 +0800] "GET /favicon.ico HTTP/1.1" 404 209 "http://vim/rc/" "Mozilla/5.0 (X11; Linux x86_64) AppleWebKit/537.36 (KHTML, like Gecko) Chrome/55.0.2883.87 Safari/537.36"
127.0.0.1 - - [15/Jan/2017:21:56:56 +0800] "GET /s/home/git HTTP/1.1" 302 221 "-" "Mozilla/5.0 (X11; Linux x86_64; rv:45.0) Gecko/20100101 Firefox/45.0"
localhost - - [15/Jan/2017:21:56:56 +0800] "GET /cgi-bin/grep.pl?p=home/git HTTP/1.1" 500 527 "-" "Mozilla/5.0 (X11; Linux x86_64; rv:45.0) Gecko/20100101 Firefox/45.0"
localhost - - [15/Jan/2017:21:57:03 +0800] "GET /cgi-bin/grep.pl?p=home/git HTTP/1.1" 500 527 "-" "Mozilla/5.0 (X11; Linux x86_64; rv:45.0) Gecko/20100101 Firefox/45.0"
localhost - - [15/Jan/2017:21:58:16 +0800] "GET /favicon.ico HTTP/1.1" 404 209 "-" "Mozilla/5.0 (X11; Linux x86_64; rv:45.0) Gecko/20100101 Firefox/45.0"
localhost - - [15/Jan/2017:21:58:16 +0800] "GET /favicon.ico HTTP/1.1" 404 209 "-" "Mozilla/5.0 (X11; Linux x86_64; rv:45.0) Gecko/20100101 Firefox/45.0"
localhost - - [15/Jan/2017:21:58:16 +0800] "GET /favicon.ico HTTP/1.1" 404 209 "-" "Mozilla/5.0 (X11; Linux x86_64; rv:45.0) Gecko/20100101 Firefox/45.0"
127.0.0.1 - - [15/Jan/2017:22:03:04 +0800] "GET /s/home/git HTTP/1.1" 302 221 "-" "Mozilla/5.0 (X11; Linux x86_64; rv:45.0) Gecko/20100101 Firefox/45.0"
localhost - - [15/Jan/2017:22:03:04 +0800] "GET /cgi-bin/grep.pl?p=home/git HTTP/1.1" 500 527 "-" "Mozilla/5.0 (X11; Linux x86_64; rv:45.0) Gecko/20100101 Firefox/45.0"
localhost - - [15/Jan/2017:22:03:12 +0800] "GET /cgi-bin/grep.pl?p=/home/git HTTP/1.1" 500 527 "-" "Mozilla/5.0 (X11; Linux x86_64; rv:45.0) Gecko/20100101 Firefox/45.0"
localhost - - [15/Jan/2017:22:03:30 +0800] "GET /cgi-bin/env.pl HTTP/1.1" 200 1869 "-" "Mozilla/5.0 (X11; Linux x86_64; rv:45.0) Gecko/20100101 Firefox/45.0"
localhost - - [15/Jan/2017:22:06:09 +0800] "GET /cgi-bin/get_argu.php?p=/home/git HTTP/1.1" 200 17 "-" "Mozilla/5.0 (X11; Linux x86_64; rv:45.0) Gecko/20100101 Firefox/45.0"
localhost - - [15/Jan/2017:22:06:23 +0800] "GET /cgi-bin/get_argu.php?p=/home/git HTTP/1.1" 200 245 "-" "Mozilla/5.0 (X11; Linux x86_64; rv:45.0) Gecko/20100101 Firefox/45.0"
localhost - - [15/Jan/2017:22:43:19 +0800] "GET /cgi-bin/get_argu.pl?first_name=xx%20m%20cf&last_name=xxmcf524 HTTP/1.1" 500 527 "-" "Mozilla/5.0 (X11; Linux x86_64; rv:45.0) Gecko/20100101 Firefox/45.0"
localhost - - [15/Jan/2017:22:43:56 +0800] "GET /cgi-bin/get_argu.pl?first_name=xx%20m%20cf&last_name=xxmcf524 HTTP/1.1" 500 527 "-" "Mozilla/5.0 (X11; Linux x86_64; rv:45.0) Gecko/20100101 Firefox/45.0"
localhost - - [15/Jan/2017:22:43:57 +0800] "GET /cgi-bin/get_argu.pl?first_name=xx%20m%20cf&last_name=xxmcf524 HTTP/1.1" 500 527 "-" "Mozilla/5.0 (X11; Linux x86_64; rv:45.0) Gecko/20100101 Firefox/45.0"
localhost - - [15/Jan/2017:22:46:36 +0800] "GET /cgi-bin/get_argu.php?user=git HTTP/1.1" 200 242 "-" "Mozilla/5.0 (X11; Linux x86_64; rv:45.0) Gecko/20100101 Firefox/45.0"
localhost - - [15/Jan/2017:22:46:47 +0800] "GET /cgi-bin/get_argu.pl?user=git HTTP/1.1" 500 527 "-" "Mozilla/5.0 (X11; Linux x86_64; rv:45.0) Gecko/20100101 Firefox/45.0"
localhost - - [15/Jan/2017:22:47:04 +0800] "GET /cgi-bin/get_argu.pl?user=git HTTP/1.1" 500 527 "-" "Mozilla/5.0 (X11; Linux x86_64; rv:45.0) Gecko/20100101 Firefox/45.0"
localhost - - [15/Jan/2017:22:47:05 +0800] "GET /cgi-bin/get_argu.pl?user=git HTTP/1.1" 500 527 "-" "Mozilla/5.0 (X11; Linux x86_64; rv:45.0) Gecko/20100101 Firefox/45.0"
localhost - - [15/Jan/2017:22:48:09 +0800] "GET /cgi-bin/get_argu.pl HTTP/1.1" 500 527 "-" "Mozilla/5.0 (X11; Linux x86_64; rv:45.0) Gecko/20100101 Firefox/45.0"
localhost - - [15/Jan/2017:22:48:51 +0800] "GET /cgi-bin/get_argu.pl HTTP/1.1" 500 527 "-" "Mozilla/5.0 (X11; Linux x86_64; rv:45.0) Gecko/20100101 Firefox/45.0"
localhost - - [15/Jan/2017:22:48:52 +0800] "GET /cgi-bin/get_argu.pl HTTP/1.1" 500 527 "-" "Mozilla/5.0 (X11; Linux x86_64; rv:45.0) Gecko/20100101 Firefox/45.0"
localhost - - [15/Jan/2017:22:48:53 +0800] "GET /cgi-bin/get_argu.pl HTTP/1.1" 500 527 "-" "Mozilla/5.0 (X11; Linux x86_64; rv:45.0) Gecko/20100101 Firefox/45.0"
localhost - - [15/Jan/2017:22:48:54 +0800] "GET /cgi-bin/get_argu.pl HTTP/1.1" 500 527 "-" "Mozilla/5.0 (X11; Linux x86_64; rv:45.0) Gecko/20100101 Firefox/45.0"
localhost - - [15/Jan/2017:22:49:07 +0800] "GET /cgi-bin/get_argu.pl HTTP/1.1" 500 527 "-" "Mozilla/5.0 (X11; Linux x86_64; rv:45.0) Gecko/20100101 Firefox/45.0"
localhost - - [15/Jan/2017:22:49:09 +0800] "GET /cgi-bin/get_argu.pl HTTP/1.1" 500 527 "-" "Mozilla/5.0 (X11; Linux x86_64; rv:45.0) Gecko/20100101 Firefox/45.0"
localhost - - [15/Jan/2017:22:49:12 +0800] "GET /cgi-bin/get_argu.pl HTTP/1.1" 500 527 "-" "Mozilla/5.0 (X11; Linux x86_64; rv:45.0) Gecko/20100101 Firefox/45.0"
localhost - - [15/Jan/2017:22:49:22 +0800] "GET /cgi-bin/get_argu.pl HTTP/1.1" 500 527 "-" "Mozilla/5.0 (X11; Linux x86_64; rv:45.0) Gecko/20100101 Firefox/45.0"
localhost - - [15/Jan/2017:22:49:23 +0800] "GET /cgi-bin/get_argu.pl HTTP/1.1" 500 527 "-" "Mozilla/5.0 (X11; Linux x86_64; rv:45.0) Gecko/20100101 Firefox/45.0"
localhost - - [15/Jan/2017:22:49:25 +0800] "GET /cgi-bin/get_argu.pl HTTP/1.1" 500 527 "-" "Mozilla/5.0 (X11; Linux x86_64; rv:45.0) Gecko/20100101 Firefox/45.0"
localhost - - [15/Jan/2017:22:49:33 +0800] "GET /cgi-bin/get_argu.pl HTTP/1.1" 500 527 "-" "Mozilla/5.0 (X11; Linux x86_64; rv:45.0) Gecko/20100101 Firefox/45.0"
localhost - - [15/Jan/2017:22:49:33 +0800] "GET /cgi-bin/get_argu.pl HTTP/1.1" 500 527 "-" "Mozilla/5.0 (X11; Linux x86_64; rv:45.0) Gecko/20100101 Firefox/45.0"
localhost - - [15/Jan/2017:22:49:34 +0800] "GET /cgi-bin/get_argu.pl HTTP/1.1" 500 527 "-" "Mozilla/5.0 (X11; Linux x86_64; rv:45.0) Gecko/20100101 Firefox/45.0"
localhost - - [15/Jan/2017:22:49:36 +0800] "GET /cgi-bin/get_argu.pl HTTP/1.1" 500 527 "-" "Mozilla/5.0 (X11; Linux x86_64; rv:45.0) Gecko/20100101 Firefox/45.0"
127.0.0.1 - - [15/Jan/2017:22:56:54 +0800] "GET /s/hello HTTP/1.1" 302 222 "-" "Mozilla/5.0 (X11; Linux x86_64; rv:45.0) Gecko/20100101 Firefox/45.0"
localhost - - [15/Jan/2017:22:56:54 +0800] "GET /cgi-bin/get_argu.pl?p=hello HTTP/1.1" 500 527 "-" "Mozilla/5.0 (X11; Linux x86_64; rv:45.0) Gecko/20100101 Firefox/45.0"
localhost - - [15/Jan/2017:22:57:39 +0800] "GET /cgi-bin/get_argu.pl?p=hello HTTP/1.1" 500 527 "-" "Mozilla/5.0 (X11; Linux x86_64; rv:45.0) Gecko/20100101 Firefox/45.0"
localhost - - [15/Jan/2017:22:57:40 +0800] "GET /cgi-bin/get_argu.pl?p=hello HTTP/1.1" 500 527 "-" "Mozilla/5.0 (X11; Linux x86_64; rv:45.0) Gecko/20100101 Firefox/45.0"
localhost - - [15/Jan/2017:22:57:41 +0800] "GET /cgi-bin/get_argu.pl?p=hello HTTP/1.1" 500 527 "-" "Mozilla/5.0 (X11; Linux x86_64; rv:45.0) Gecko/20100101 Firefox/45.0"
localhost - - [15/Jan/2017:22:57:42 +0800] "GET /cgi-bin/get_argu.pl?p=hello HTTP/1.1" 500 527 "-" "Mozilla/5.0 (X11; Linux x86_64; rv:45.0) Gecko/20100101 Firefox/45.0"
localhost - - [15/Jan/2017:22:58:39 +0800] "GET /cgi-bin/get_argu.pl?p=hello HTTP/1.1" 200 6 "-" "Mozilla/5.0 (X11; Linux x86_64; rv:45.0) Gecko/20100101 Firefox/45.0"
localhost - - [15/Jan/2017:22:59:06 +0800] "GET /cgi-bin/get_argu.pl?p=hello HTTP/1.1" 200 6 "-" "Mozilla/5.0 (X11; Linux x86_64; rv:45.0) Gecko/20100101 Firefox/45.0"
localhost - - [15/Jan/2017:22:59:07 +0800] "GET /cgi-bin/get_argu.pl?p=hello HTTP/1.1" 200 6 "-" "Mozilla/5.0 (X11; Linux x86_64; rv:45.0) Gecko/20100101 Firefox/45.0"
localhost - - [15/Jan/2017:22:59:08 +0800] "GET /cgi-bin/get_argu.pl?p=hello HTTP/1.1" 200 6 "-" "Mozilla/5.0 (X11; Linux x86_64; rv:45.0) Gecko/20100101 Firefox/45.0"
localhost - - [15/Jan/2017:22:59:09 +0800] "GET /cgi-bin/get_argu.pl?p=hello HTTP/1.1" 200 6 "-" "Mozilla/5.0 (X11; Linux x86_64; rv:45.0) Gecko/20100101 Firefox/45.0"
localhost - - [15/Jan/2017:22:59:24 +0800] "GET /cgi-bin/get_argu.pl?user=hello HTTP/1.1" 500 527 "-" "Mozilla/5.0 (X11; Linux x86_64; rv:45.0) Gecko/20100101 Firefox/45.0"
localhost - - [15/Jan/2017:23:00:04 +0800] "GET /cgi-bin/get_argu.pl?user=hello HTTP/1.1" 200 6 "-" "Mozilla/5.0 (X11; Linux x86_64; rv:45.0) Gecko/20100101 Firefox/45.0"
localhost - - [15/Jan/2017:23:01:15 +0800] "GET /cgi-bin/get_argu.pl?p=hello HTTP/1.1" 200 6 "-" "Mozilla/5.0 (X11; Linux x86_64; rv:45.0) Gecko/20100101 Firefox/45.0"
localhost - - [15/Jan/2017:23:01:25 +0800] "GET /cgi-bin/get_argu.pl?p=git HTTP/1.1" 200 6 "-" "Mozilla/5.0 (X11; Linux x86_64; rv:45.0) Gecko/20100101 Firefox/45.0"
localhost - - [15/Jan/2017:23:02:55 +0800] "GET /cgi-bin/get_argu.pl?p=git HTTP/1.1" 500 527 "-" "Mozilla/5.0 (X11; Linux x86_64; rv:45.0) Gecko/20100101 Firefox/45.0"
localhost - - [15/Jan/2017:23:02:56 +0800] "GET /cgi-bin/get_argu.pl?p=git HTTP/1.1" 500 527 "-" "Mozilla/5.0 (X11; Linux x86_64; rv:45.0) Gecko/20100101 Firefox/45.0"
localhost - - [15/Jan/2017:23:02:57 +0800] "GET /cgi-bin/get_argu.pl?p=git HTTP/1.1" 500 527 "-" "Mozilla/5.0 (X11; Linux x86_64; rv:45.0) Gecko/20100101 Firefox/45.0"
localhost - - [15/Jan/2017:23:02:58 +0800] "GET /cgi-bin/get_argu.pl?p=git HTTP/1.1" 500 527 "-" "Mozilla/5.0 (X11; Linux x86_64; rv:45.0) Gecko/20100101 Firefox/45.0"
localhost - - [15/Jan/2017:23:12:28 +0800] "GET /cgi-bin/test1.html HTTP/1.1" 500 527 "-" "Mozilla/5.0 (X11; Linux x86_64; rv:45.0) Gecko/20100101 Firefox/45.0"
localhost - - [15/Jan/2017:23:13:28 +0800] "GET /cgi-bin/test1.html HTTP/1.1" 500 527 "-" "Mozilla/5.0 (X11; Linux x86_64; rv:45.0) Gecko/20100101 Firefox/45.0"
localhost - - [15/Jan/2017:23:13:29 +0800] "GET /cgi-bin/test1.html HTTP/1.1" 500 527 "-" "Mozilla/5.0 (X11; Linux x86_64; rv:45.0) Gecko/20100101 Firefox/45.0"
localhost - - [15/Jan/2017:23:13:31 +0800] "GET /cgi-bin/test1.html HTTP/1.1" 500 527 "-" "Mozilla/5.0 (X11; Linux x86_64; rv:45.0) Gecko/20100101 Firefox/45.0"
localhost - - [15/Jan/2017:23:13:32 +0800] "GET /cgi-bin/test1.html HTTP/1.1" 500 527 "-" "Mozilla/5.0 (X11; Linux x86_64; rv:45.0) Gecko/20100101 Firefox/45.0"
localhost - - [15/Jan/2017:23:14:54 +0800] "GET /cgi-bin/test1.html HTTP/1.1" 500 527 "-" "Mozilla/5.0 (X11; Linux x86_64; rv:45.0) Gecko/20100101 Firefox/45.0"
localhost - - [15/Jan/2017:23:14:55 +0800] "GET /cgi-bin/test1.html HTTP/1.1" 500 527 "-" "Mozilla/5.0 (X11; Linux x86_64; rv:45.0) Gecko/20100101 Firefox/45.0"
localhost - - [15/Jan/2017:23:14:57 +0800] "GET /cgi-bin/test1.html HTTP/1.1" 500 527 "-" "Mozilla/5.0 (X11; Linux x86_64; rv:45.0) Gecko/20100101 Firefox/45.0"
localhost - - [16/Jan/2017:11:00:08 +0800] "GET /cgi-bin/mycript?username=your_name&password=mypass HTTP/1.1" 200 2 "-" "Mozilla/5.0 (X11; Linux x86_64; rv:45.0) Gecko/20100101 Firefox/45.0"
localhost - - [16/Jan/2017:11:00:08 +0800] "GET /favicon.ico HTTP/1.1" 404 209 "-" "Mozilla/5.0 (X11; Linux x86_64; rv:45.0) Gecko/20100101 Firefox/45.0"
localhost - - [16/Jan/2017:11:00:08 +0800] "GET /favicon.ico HTTP/1.1" 404 209 "-" "Mozilla/5.0 (X11; Linux x86_64; rv:45.0) Gecko/20100101 Firefox/45.0"
localhost - - [16/Jan/2017:11:00:08 +0800] "GET /favicon.ico HTTP/1.1" 404 209 "-" "Mozilla/5.0 (X11; Linux x86_64; rv:45.0) Gecko/20100101 Firefox/45.0"
localhost - - [16/Jan/2017:11:00:17 +0800] "GET /cgi-bin/mycript?username=your_name&password=mypass HTTP/1.1" 200 2 "-" "Mozilla/5.0 (X11; Linux x86_64; rv:45.0) Gecko/20100101 Firefox/45.0"
localhost - - [16/Jan/2017:11:00:19 +0800] "GET /cgi-bin/mycript?username=your_name&password=mypass HTTP/1.1" 200 2 "-" "Mozilla/5.0 (X11; Linux x86_64; rv:45.0) Gecko/20100101 Firefox/45.0"
localhost - - [16/Jan/2017:11:00:21 +0800] "GET /cgi-bin/mycript?username=your_name&password=mypass HTTP/1.1" 200 2 "-" "Mozilla/5.0 (X11; Linux x86_64; rv:45.0) Gecko/20100101 Firefox/45.0"
localhost - - [16/Jan/2017:11:00:24 +0800] "GET /cgi-bin/mycript?username=your_name&password=mypass HTTP/1.1" 200 2 "-" "Mozilla/5.0 (X11; Linux x86_64; rv:45.0) Gecko/20100101 Firefox/45.0"
localhost - - [16/Jan/2017:11:00:27 +0800] "GET /cgi-bin/mycript?username=your_name&password=mypass HTTP/1.1" 200 2 "-" "Mozilla/5.0 (X11; Linux x86_64; rv:45.0) Gecko/20100101 Firefox/45.0"
localhost - - [16/Jan/2017:11:00:45 +0800] "GET /cgi-bin/mycript?username=your_name&password=mypass HTTP/1.1" 200 2 "-" "Mozilla/5.0 (X11; Linux x86_64; rv:45.0) Gecko/20100101 Firefox/45.0"
localhost - - [16/Jan/2017:11:00:46 +0800] "GET /cgi-bin/mycript?username=your_name&password=mypass HTTP/1.1" 200 2 "-" "Mozilla/5.0 (X11; Linux x86_64; rv:45.0) Gecko/20100101 Firefox/45.0"
localhost - - [16/Jan/2017:11:02:37 +0800] "GET /cgi-bin/mycript?username=your_name&password=mypass HTTP/1.1" 200 2 "-" "Mozilla/5.0 (X11; Linux x86_64; rv:45.0) Gecko/20100101 Firefox/45.0"
localhost - - [16/Jan/2017:11:02:38 +0800] "GET /cgi-bin/mycript?username=your_name&password=mypass HTTP/1.1" 200 2 "-" "Mozilla/5.0 (X11; Linux x86_64; rv:45.0) Gecko/20100101 Firefox/45.0"
localhost - - [16/Jan/2017:11:02:39 +0800] "GET /cgi-bin/mycript?username=your_name&password=mypass HTTP/1.1" 200 2 "-" "Mozilla/5.0 (X11; Linux x86_64; rv:45.0) Gecko/20100101 Firefox/45.0"
localhost - - [16/Jan/2017:11:04:07 +0800] "GET /cgi-bin/mycript?username=your_name&password=mypass HTTP/1.1" 200 2 "-" "Mozilla/5.0 (X11; Linux x86_64; rv:45.0) Gecko/20100101 Firefox/45.0"
localhost - - [16/Jan/2017:11:04:08 +0800] "GET /cgi-bin/mycript?username=your_name&password=mypass HTTP/1.1" 200 2 "-" "Mozilla/5.0 (X11; Linux x86_64; rv:45.0) Gecko/20100101 Firefox/45.0"
localhost - - [16/Jan/2017:11:04:09 +0800] "GET /cgi-bin/mycript?username=your_name&password=mypass HTTP/1.1" 200 2 "-" "Mozilla/5.0 (X11; Linux x86_64; rv:45.0) Gecko/20100101 Firefox/45.0"
localhost - - [16/Jan/2017:11:04:10 +0800] "GET /cgi-bin/mycript?username=your_name&password=mypass HTTP/1.1" 200 2 "-" "Mozilla/5.0 (X11; Linux x86_64; rv:45.0) Gecko/20100101 Firefox/45.0"
localhost - - [16/Jan/2017:11:04:11 +0800] "GET /cgi-bin/mycript?username=your_name&password=mypass HTTP/1.1" 200 2 "-" "Mozilla/5.0 (X11; Linux x86_64; rv:45.0) Gecko/20100101 Firefox/45.0"
localhost - - [16/Jan/2017:11:04:12 +0800] "GET /cgi-bin/mycript?username=your_name&password=mypass HTTP/1.1" 200 2 "-" "Mozilla/5.0 (X11; Linux x86_64; rv:45.0) Gecko/20100101 Firefox/45.0"
localhost - - [16/Jan/2017:11:04:13 +0800] "GET /cgi-bin/mycript?username=your_name&password=mypass HTTP/1.1" 200 2 "-" "Mozilla/5.0 (X11; Linux x86_64; rv:45.0) Gecko/20100101 Firefox/45.0"
localhost - - [16/Jan/2017:11:04:54 +0800] "GET /cgi-bin/mycript?username=your_name&password=mypass HTTP/1.1" 200 2 "-" "Mozilla/5.0 (X11; Linux x86_64; rv:45.0) Gecko/20100101 Firefox/45.0"
localhost - - [16/Jan/2017:11:04:55 +0800] "GET /cgi-bin/mycript?username=your_name&password=mypass HTTP/1.1" 200 2 "-" "Mozilla/5.0 (X11; Linux x86_64; rv:45.0) Gecko/20100101 Firefox/45.0"
localhost - - [16/Jan/2017:11:04:56 +0800] "GET /cgi-bin/mycript?username=your_name&password=mypass HTTP/1.1" 200 2 "-" "Mozilla/5.0 (X11; Linux x86_64; rv:45.0) Gecko/20100101 Firefox/45.0"
localhost - - [16/Jan/2017:11:04:57 +0800] "GET /cgi-bin/mycript?username=your_name&password=mypass HTTP/1.1" 200 2 "-" "Mozilla/5.0 (X11; Linux x86_64; rv:45.0) Gecko/20100101 Firefox/45.0"
localhost - - [16/Jan/2017:11:05:01 +0800] "GET /cgi-bin/mycript.sh?username=your_name&password=mypass HTTP/1.1" 200 2 "-" "Mozilla/5.0 (X11; Linux x86_64; rv:45.0) Gecko/20100101 Firefox/45.0"
localhost - - [16/Jan/2017:11:05:13 +0800] "GET /cgi-bin/mycript.sh?username=your_name&password=mypass HTTP/1.1" 200 2 "-" "Mozilla/5.0 (X11; Linux x86_64; rv:45.0) Gecko/20100101 Firefox/45.0"
localhost - - [16/Jan/2017:11:06:50 +0800] "GET /cgi-bin/mycript?username=your_name&password=mypass HTTP/1.1" 200 2 "-" "Mozilla/5.0 (X11; Linux x86_64; rv:45.0) Gecko/20100101 Firefox/45.0"
127.0.0.1 - - [16/Jan/2017:11:13:30 +0800] "GET /s/aa HTTP/1.1" 302 219 "-" "Mozilla/5.0 (X11; Linux x86_64; rv:45.0) Gecko/20100101 Firefox/45.0"
localhost - - [16/Jan/2017:11:13:30 +0800] "GET /cgi-bin/get_argu.pl?p=aa HTTP/1.1" 500 527 "-" "Mozilla/5.0 (X11; Linux x86_64; rv:45.0) Gecko/20100101 Firefox/45.0"
127.0.0.1 - - [16/Jan/2017:11:13:57 +0800] "GET /s/aa HTTP/1.1" 302 219 "-" "Mozilla/5.0 (X11; Linux x86_64; rv:45.0) Gecko/20100101 Firefox/45.0"
localhost - - [16/Jan/2017:11:13:57 +0800] "GET /cgi-bin/get_argu.pl?p=aa HTTP/1.1" 500 527 "-" "Mozilla/5.0 (X11; Linux x86_64; rv:45.0) Gecko/20100101 Firefox/45.0"
127.0.0.1 - - [16/Jan/2017:11:14:18 +0800] "GET /s/aa HTTP/1.1" 302 220 "-" "Mozilla/5.0 (X11; Linux x86_64; rv:45.0) Gecko/20100101 Firefox/45.0"
localhost - - [16/Jan/2017:11:14:18 +0800] "GET /cgi-bin/get_argu.php?p=aa HTTP/1.1" 200 238 "-" "Mozilla/5.0 (X11; Linux x86_64; rv:45.0) Gecko/20100101 Firefox/45.0"
localhost - - [16/Jan/2017:15:04:51 +0800] "GET /cgi-bin/hello.pl HTTP/1.1" 500 527 "-" "Mozilla/5.0 (X11; Linux x86_64; rv:45.0) Gecko/20100101 Firefox/45.0"
localhost - - [16/Jan/2017:15:05:14 +0800] "GET /cgi-bin/hello.pl HTTP/1.1" 200 14 "-" "Mozilla/5.0 (X11; Linux x86_64; rv:45.0) Gecko/20100101 Firefox/45.0"
localhost - - [16/Jan/2017:15:05:18 +0800] "GET /cgi-bin/hello.sh HTTP/1.1" 200 16 "-" "Mozilla/5.0 (X11; Linux x86_64; rv:45.0) Gecko/20100101 Firefox/45.0"
localhost - - [16/Jan/2017:15:05:37 +0800] "GET /cgi-bin/hello.sh HTTP/1.1" 200 14 "-" "Mozilla/5.0 (X11; Linux x86_64; rv:45.0) Gecko/20100101 Firefox/45.0"
localhost - - [16/Jan/2017:15:22:16 +0800] "GET /cgi-bin/ HTTP/1.1" 403 210 "-" "Mozilla/5.0 (X11; Linux x86_64; rv:45.0) Gecko/20100101 Firefox/45.0"
localhost - - [16/Jan/2017:15:22:46 +0800] "GET /cgi-view HTTP/1.1" 404 206 "-" "Mozilla/5.0 (X11; Linux x86_64; rv:45.0) Gecko/20100101 Firefox/45.0"
